[20:04:18.682][info] [#0:/Users/r/dotfiles/.config/coc/extensions/coc-sumneko-lua-data/sumneko-lua-ls/extension/server/main.lua:65]: Lua Lsp startup, root: 	/Users/r/dotfiles/.config/coc/extensions/coc-sumneko-lua-data/sumneko-lua-ls/extension/server
[20:04:18.682][info] [#0:/Users/r/dotfiles/.config/coc/extensions/coc-sumneko-lua-data/sumneko-lua-ls/extension/server/main.lua:66]: ROOT:	/Users/r/dotfiles/.config/coc/extensions/coc-sumneko-lua-data/sumneko-lua-ls/extension/server
[20:04:18.682][info] [#0:/Users/r/dotfiles/.config/coc/extensions/coc-sumneko-lua-data/sumneko-lua-ls/extension/server/main.lua:67]: LOGPATH:	/Users/r/dotfiles/.config/coc/extensions/coc-sumneko-lua-data/sumneko-lua-ls/extension/server/log
[20:04:18.682][info] [#0:/Users/r/dotfiles/.config/coc/extensions/coc-sumneko-lua-data/sumneko-lua-ls/extension/server/main.lua:68]: METAPATH:	/Users/r/dotfiles/.config/coc/extensions/coc-sumneko-lua-data/sumneko-lua-ls/extension/server/meta
[20:04:18.683][info] [#0:/Users/r/dotfiles/.config/coc/extensions/coc-sumneko-lua-data/sumneko-lua-ls/extension/server/main.lua:69]: VERSION:	3.5.2
[20:04:18.698][info] [#0:script/service/service.lua:141]: 
========= Medical Examination Report =========
    --------------- Memory ---------------
        Total: 1.762 MB
        # 00 : 1.762 MB
        # 01 : 0.000 MB
        # 02 : 0.000 MB
        # 03 : 0.000 MB
        # 04 : 0.000 MB
    --------------- Coroutine ---------------
        Total:     0
        Running:   0
        Suspended: 0
        Normal:    0
        Dead:      0
    --------------- Cache ---------------
        Total: 1
        Dead:  0
    ---------------  RPC  ---------------
        Holdon:   0
        Waiting:  0
==============================================
[20:04:18.807][info] [#0:script/language.lua:137]: VSC language: en-us
[20:04:18.807][info] [#0:script/language.lua:138]: LS  language: en-us
[20:04:18.807][info] [#0:script/workspace/workspace.lua:38]: Workspace init root: 	file:///Users/r/dotfiles
[20:04:18.807][info] [#0:script/workspace/workspace.lua:42]: Log path: 	/Users/r/dotfiles/.config/coc/extensions/coc-sumneko-lua-data/sumneko-lua-ls/extension/server/log/file_Users_r_dotfiles.log
[20:04:18.807][info] [#0:script/workspace/workspace.lua:51]: Workspace create: 	file:///Users/r/dotfiles
[20:04:19.017][info] [#0:script/provider/provider.lua:42]: Load config from client	file:///Users/r/dotfiles
[20:04:19.017][info] [#0:script/provider/provider.lua:43]: {
  Lua = {
    completion = {
      autoRequire = true,
      callSnippet = "Disable",
      displayContext = 0,
      enable = true,
      keywordSnippet = "Replace",
      postfix = "@",
      requireSeparator = ".",
      showParams = true,
      showWord = "Fallback",
      workspaceWord = true
    },
    diagnostics = {
      disable = {},
      disableScheme = { "git" },
      enable = true,
      globals = {},
      ignoredFiles = "Opened",
      libraryFiles = "Opened",
      unusedLocalExclude = {},
      workspaceDelay = 3000,
      workspaceRate = 100
    },
    format = {
      defaultConfig = {},
      enable = true
    },
    hint = {
      arrayIndex = "Auto",
      await = true,
      enable = true,
      paramName = "All",
      paramType = true,
      semicolon = "SameLine",
      setType = false
    },
    hover = {
      enable = true,
      enumsLimit = 5,
      expandAlias = true,
      previewFields = 50,
      viewNumber = true,
      viewString = true,
      viewStringMax = 1000
    },
    misc = {
      parameters = {}
    },
    runtime = {
      fileEncoding = "utf8",
      meta = "${version} ${language} ${encoding}",
      nonstandardSymbol = {},
      path = { "?.lua", "?/init.lua" },
      pathStrict = false,
      plugin = "",
      pluginArgs = {},
      special = {},
      unicodeName = false,
      version = "LuaJIT"
    },
    semantic = {
      annotation = true,
      enable = true,
      keyword = false,
      variable = true
    },
    signatureHelp = {
      enable = true
    },
    spell = {
      dict = {}
    },
    telemetry = {
      enable = true
    },
    type = {
      castNumberToInteger = true,
      weakNilCheck = false,
      weakUnionCheck = false
    },
    window = {
      progressBar = true,
      statusBar = true
    },
    workspace = {
      checkThirdParty = false,
      ignoreDir = { ".vscode" },
      ignoreSubmodules = true,
      library = { "/opt/homebrew/Cellar/neovim/0.7.2_1/share/nvim/runtime/lua", "/Users/r/dotfiles/.config/coc/extensions/node_modules/coc-sumneko-lua/nvim_lua_types" },
      maxPreload = 5000,
      preloadFileSize = 500,
      supportScheme = { "file", "untitled", "git" },
      useGitIgnore = true,
      userThirdParty = {}
    }
  }
}
[20:04:19.122][info] [#0:script/provider/provider.lua:57]: Load config from client	fallback
[20:04:19.122][info] [#0:script/provider/provider.lua:58]: {
  Lua = {
    completion = {
      autoRequire = true,
      callSnippet = "Disable",
      displayContext = 0,
      enable = true,
      keywordSnippet = "Replace",
      postfix = "@",
      requireSeparator = ".",
      showParams = true,
      showWord = "Fallback",
      workspaceWord = true
    },
    diagnostics = {
      disable = {},
      disableScheme = { "git" },
      enable = true,
      globals = {},
      ignoredFiles = "Opened",
      libraryFiles = "Opened",
      unusedLocalExclude = {},
      workspaceDelay = 3000,
      workspaceRate = 100
    },
    format = {
      defaultConfig = {},
      enable = true
    },
    hint = {
      arrayIndex = "Auto",
      await = true,
      enable = true,
      paramName = "All",
      paramType = true,
      semicolon = "SameLine",
      setType = false
    },
    hover = {
      enable = true,
      enumsLimit = 5,
      expandAlias = true,
      previewFields = 50,
      viewNumber = true,
      viewString = true,
      viewStringMax = 1000
    },
    misc = {
      parameters = {}
    },
    runtime = {
      fileEncoding = "utf8",
      meta = "${version} ${language} ${encoding}",
      nonstandardSymbol = {},
      path = { "?.lua", "?/init.lua" },
      pathStrict = false,
      plugin = "",
      pluginArgs = {},
      special = {},
      unicodeName = false,
      version = "LuaJIT"
    },
    semantic = {
      annotation = true,
      enable = true,
      keyword = false,
      variable = true
    },
    signatureHelp = {
      enable = true
    },
    spell = {
      dict = {}
    },
    telemetry = {
      enable = true
    },
    type = {
      castNumberToInteger = true,
      weakNilCheck = false,
      weakUnionCheck = false
    },
    window = {
      progressBar = true,
      statusBar = true
    },
    workspace = {
      checkThirdParty = false,
      ignoreDir = { ".vscode" },
      ignoreSubmodules = true,
      library = { "/opt/homebrew/Cellar/neovim/0.7.2_1/share/nvim/runtime/lua", "/Users/r/dotfiles/.config/coc/extensions/node_modules/coc-sumneko-lua/nvim_lua_types" },
      maxPreload = 5000,
      preloadFileSize = 500,
      supportScheme = { "file", "untitled", "git" },
      useGitIgnore = true,
      userThirdParty = {}
    }
  }
}
[20:04:19.226][info] [#0:script/library.lua:207]: Init builtin library at:	file:///Users/r/dotfiles
[20:04:19.238][info] [#0:script/plugin.lua:86]: plugin path:	/Users/r/dotfiles
[20:04:19.238][warn] [#0:script/plugin.lua:101]: plugin not found:	/Users/r/dotfiles
[20:04:19.238][info] [#0:script/library.lua:207]: Init builtin library at:	nil
[20:04:19.245][info] [#0:script/provider/completion.lua:43]: Enable completion.
[20:04:19.247][info] [#0:script/workspace/workspace.lua:305]: Preload start:	file:///Users/r/dotfiles
[20:04:19.247][info] [#0:script/workspace/workspace.lua:311]: Scan files at:	file:///Users/r/dotfiles
[20:04:19.248][info] [#0:script/workspace/workspace.lua:305]: Preload start:	<fallback>
[20:04:19.248][info] [#0:script/workspace/workspace.lua:328]: Scan library at:	file:///Users/r/dotfiles/.config/coc/extensions/coc-sumneko-lua-data/sumneko-lua-ls/extension/server/meta/LuaJIT%20en-us%20utf8
[20:04:19.251][info] [#0:script/workspace/workspace.lua:328]: Scan library at:	file:///Users/r/dotfiles/.config/coc/extensions/node_modules/coc-sumneko-lua/nvim_lua_types
[20:04:19.255][info] [#0:script/workspace/workspace.lua:328]: Scan library at:	file:///opt/homebrew/Cellar/neovim/0.7.2_1/share/nvim/runtime/lua
[20:04:19.363][info] [#0:script/workspace/workspace.lua:328]: Scan library at:	file:///Users/r/dotfiles/.config/coc/extensions/coc-sumneko-lua-data/sumneko-lua-ls/extension/server/meta/LuaJIT%20en-us%20utf8
[20:04:19.364][info] [#0:script/workspace/workspace.lua:328]: Scan library at:	file:///Users/r/dotfiles/.config/coc/extensions/node_modules/coc-sumneko-lua/nvim_lua_types
[20:04:19.364][info] [#0:script/workspace/workspace.lua:328]: Scan library at:	file:///opt/homebrew/Cellar/neovim/0.7.2_1/share/nvim/runtime/lua
[20:04:19.366][info] [#0:script/workspace/workspace.lua:348]: Found 73 files at:	<fallback>
[20:04:19.366][info] [#0:script/workspace/loading.lua:152]: Load files from disk:	<fallback>
[20:04:19.366][info] [#0:script/workspace/workspace.lua:348]: Found 946 files at:	file:///Users/r/dotfiles
[20:04:19.366][info] [#0:script/workspace/loading.lua:152]: Load files from disk:	file:///Users/r/dotfiles
[20:04:19.451][info] [#0:script/workspace/loading.lua:164]: Loaded files takes [0.109] sec: file:///Users/r/dotfiles
[20:04:19.451][info] [#0:script/workspace/loading.lua:173]: Compile files takes [0.000] sec: file:///Users/r/dotfiles
[20:04:19.451][info] [#0:script/workspace/loading.lua:174]: Loaded finish:	file:///Users/r/dotfiles
[20:04:19.451][info] [#0:script/workspace/workspace.lua:350]: Preload finish at:	file:///Users/r/dotfiles
[20:04:20.978][warn] [#0:script/await.lua:186]: Await step takes [1.527] sec.
[20:04:20.979][warn] [#0:script/proto/proto.lua:171]: Method [textDocument/semanticTokens/range] takes [1.701]sec. {
  _closeMessage = "Request cancelled.",
  _closeReason = -32800,
  id = 6,
  jsonrpc = "2.0",
  method = "textDocument/semanticTokens/range",
  params = {
    range = {
      end = {
        character = 0,
        line = 94
      },
      start = {
        character = 0,
        line = 0
      }
    },
    textDocument = {
      uri = "file:///Users/r/dotfiles/.config/nvim/init.lua"
    }
  }
}
[20:04:20.979][warn] [#0:script/proto/proto.lua:171]: Method [textDocument/inlayHint] takes [1.754]sec. {
  _closeMessage = "Request cancelled.",
  _closeReason = -32800,
  id = 5,
  jsonrpc = "2.0",
  method = "textDocument/inlayHint",
  params = {
    range = {
      end = {
        character = 0,
        line = 94
      },
      start = {
        character = 0,
        line = 0
      }
    },
    textDocument = {
      uri = "file:///Users/r/dotfiles/.config/nvim/init.lua"
    }
  }
}
[20:04:20.987][info] [#0:script/workspace/loading.lua:164]: Loaded files takes [1.646] sec: <fallback>
[20:04:20.987][info] [#0:script/workspace/loading.lua:173]: Compile files takes [0.000] sec: <fallback>
[20:04:20.987][info] [#0:script/workspace/loading.lua:174]: Loaded finish:	<fallback>
[20:04:20.987][info] [#0:script/workspace/workspace.lua:350]: Preload finish at:	<fallback>
[20:04:22.721][info] [#0:script/provider/diagnostic.lua:486]: Diagnostics scope [<fallback>], files count:[907]
[20:04:22.723][info] [#0:script/provider/diagnostic.lua:486]: Diagnostics scope [file:///Users/r/dotfiles], files count:[907]
[20:04:28.116][info] [#0:script/provider/diagnostic.lua:503]: Diagnostics scope [<fallback>] finished, takes [5.391] sec.
[20:04:28.117][info] [#0:script/provider/diagnostic.lua:503]: Diagnostics scope [file:///Users/r/dotfiles] finished, takes [5.389] sec.
