[20:04:18.682][info] [#0:/Users/r/dotfiles/.config/coc/extensions/coc-sumneko-lua-data/sumneko-lua-ls/extension/server/main.lua:65]: Lua Lsp startup, root: 	/Users/r/dotfiles/.config/coc/extensions/coc-sumneko-lua-data/sumneko-lua-ls/extension/server
[20:04:18.682][info] [#0:/Users/r/dotfiles/.config/coc/extensions/coc-sumneko-lua-data/sumneko-lua-ls/extension/server/main.lua:66]: ROOT:	/Users/r/dotfiles/.config/coc/extensions/coc-sumneko-lua-data/sumneko-lua-ls/extension/server
[20:04:18.682][info] [#0:/Users/r/dotfiles/.config/coc/extensions/coc-sumneko-lua-data/sumneko-lua-ls/extension/server/main.lua:67]: LOGPATH:	/Users/r/dotfiles/.config/coc/extensions/coc-sumneko-lua-data/sumneko-lua-ls/extension/server/log
[20:04:18.682][info] [#0:/Users/r/dotfiles/.config/coc/extensions/coc-sumneko-lua-data/sumneko-lua-ls/extension/server/main.lua:68]: METAPATH:	/Users/r/dotfiles/.config/coc/extensions/coc-sumneko-lua-data/sumneko-lua-ls/extension/server/meta
[20:04:18.683][info] [#0:/Users/r/dotfiles/.config/coc/extensions/coc-sumneko-lua-data/sumneko-lua-ls/extension/server/main.lua:69]: VERSION:	3.5.2
[20:04:18.698][info] [#0:script/service/service.lua:141]: 
========= Medical Examination Report =========
    --------------- Memory ---------------
        Total: 1.762 MB
        # 00 : 1.762 MB
        # 01 : 0.000 MB
        # 02 : 0.000 MB
        # 03 : 0.000 MB
        # 04 : 0.000 MB
    --------------- Coroutine ---------------
        Total:     0
        Running:   0
        Suspended: 0
        Normal:    0
        Dead:      0
    --------------- Cache ---------------
        Total: 1
        Dead:  0
    ---------------  RPC  ---------------
        Holdon:   0
        Waiting:  0
==============================================
[20:04:18.807][info] [#0:script/language.lua:137]: VSC language: en-us
[20:04:18.807][info] [#0:script/language.lua:138]: LS  language: en-us
[20:04:18.807][info] [#0:script/workspace/workspace.lua:38]: Workspace init root: 	file:///Users/r/dotfiles
[20:04:18.807][info] [#0:script/workspace/workspace.lua:42]: Log path: 	/Users/r/dotfiles/.config/coc/extensions/coc-sumneko-lua-data/sumneko-lua-ls/extension/server/log/file_Users_r_dotfiles.log
